<?xml version="1.0" encoding="UTF-8"?>
<testng-results skipped="0" failed="0" total="2" passed="2">
  <reporter-output>
  </reporter-output>
  <suite name="Default suite" duration-ms="469" started-at="2017-06-09T14:45:46Z" finished-at="2017-06-09T14:45:47Z">
    <groups>
      <group name="cucumber">
        <method signature="AbstractTestNGCucumberTests.feature(cucumber.api.testng.CucumberFeatureWrapper)[pri:0, instance:com.fanniemae.runner.TestRunner@66a3ffec]" name="feature" class="cucumber.api.testng.AbstractTestNGCucumberTests"/>
      </group> <!-- cucumber -->
    </groups>
    <test name="Default test" duration-ms="469" started-at="2017-06-09T14:45:46Z" finished-at="2017-06-09T14:45:47Z">
      <class name="com.fanniemae.runner.TestRunner">
        <test-method status="PASS" signature="setUpClass()[pri:0, instance:com.fanniemae.runner.TestRunner@66a3ffec]" name="setUpClass" is-config="true" duration-ms="203" started-at="2017-06-09T10:45:46Z" finished-at="2017-06-09T10:45:47Z">
          <reporter-output>
          </reporter-output>
        </test-method> <!-- setUpClass -->
        <test-method status="PASS" signature="feature(cucumber.api.testng.CucumberFeatureWrapper)[pri:0, instance:com.fanniemae.runner.TestRunner@66a3ffec]" name="feature" duration-ms="142" started-at="2017-06-09T10:45:47Z" description="Runs Cucumber Feature" data-provider="features" finished-at="2017-06-09T10:45:47Z">
          <params>
            <param index="0">
              <value>
                <![CDATA[To Sanction Loan for the custormer]]>
              </value>
            </param>
          </params>
          <reporter-output>
          </reporter-output>
        </test-method> <!-- feature -->
        <test-method status="PASS" signature="feature(cucumber.api.testng.CucumberFeatureWrapper)[pri:0, instance:com.fanniemae.runner.TestRunner@66a3ffec]" name="feature" duration-ms="15" started-at="2017-06-09T10:45:47Z" description="Runs Cucumber Feature" data-provider="features" finished-at="2017-06-09T10:45:47Z">
          <params>
            <param index="0">
              <value>
                <![CDATA[Login Feature]]>
              </value>
            </param>
          </params>
          <reporter-output>
          </reporter-output>
        </test-method> <!-- feature -->
        <test-method status="PASS" signature="tearDownClass()[pri:0, instance:com.fanniemae.runner.TestRunner@66a3ffec]" name="tearDownClass" is-config="true" duration-ms="16" started-at="2017-06-09T10:45:47Z" finished-at="2017-06-09T10:45:47Z">
          <reporter-output>
          </reporter-output>
        </test-method> <!-- tearDownClass -->
      </class> <!-- com.fanniemae.runner.TestRunner -->
    </test> <!-- Default test -->
  </suite> <!-- Default suite -->
</testng-results>
